<?xml version="1.0" encoding="UTF-8"?>
<!-- Generated by org.testng.reporters.JUnitReportReporter -->
<testsuite hostname="WKWZTMHHzAYgmqT" failures="0" tests="4" name="Day3.LoginTest" time="21.116" errors="0" timestamp="2022-11-22T17:08:09 IST" skipped="0">
  <testcase classname="Day3.LoginTest" name="ForgotPassword" time="4.214"/>
  <system-out/>
  <testcase classname="Day3.LoginTest" name="Noentry" time="4.949"/>
  <system-out/>
  <testcase classname="Day3.LoginTest" name="InvalidPassword" time="4.789"/>
  <system-out/>
  <testcase classname="Day3.LoginTest" name="ValidCredentials" time="7.164"/>
  <system-out/>
</testsuite> <!-- Day3.LoginTest -->
