<?xml version="1.0" encoding="UTF-8"?>
<!-- Generated by org.testng.reporters.JUnitReportReporter -->
<testsuite hostname="WKWZTMHHzAYgmqT" failures="0" tests="3" name="Day3Test.CrossBrowserTest" time="17.308" errors="0" timestamp="2022-11-24T04:59:39 IST" skipped="0">
  <testcase classname="Day3Test.CrossBrowserTest" name="loginTest" time="4.879"/>
  <system-out/>
  <testcase classname="Day3Test.CrossBrowserTest" name="loginTest" time="5.077"/>
  <system-out/>
  <testcase classname="Day3Test.CrossBrowserTest" name="loginTest" time="7.352"/>
  <system-out/>
</testsuite> <!-- Day3Test.CrossBrowserTest -->
