<?xml version="1.0" encoding="UTF-8"?>
<!-- Generated by org.testng.reporters.JUnitReportReporter -->
<testsuite hostname="WKWZTMHHzAYgmqT" failures="0" tests="1" name="Day2Test.HandleCalendar" time="4.304" errors="0" timestamp="2022-11-22T22:33:58 IST" skipped="0">
  <testcase classname="Day2Test.HandleCalendar" name="test" time="4.304"/>
  <system-out/>
</testsuite> <!-- Day2Test.HandleCalendar -->
