<?xml version="1.0" encoding="UTF-8"?>
<!-- Generated by org.testng.reporters.JUnitReportReporter -->
<testsuite hostname="WKWZTMHHzAYgmqT" failures="0" tests="1" name="day1test.SeleniumDemo" time="2.983" errors="0" timestamp="2022-11-22T22:31:51 IST" skipped="0">
  <testcase classname="day1test.SeleniumDemo" name="test4" time="2.983"/>
  <system-out/>
</testsuite> <!-- day1test.SeleniumDemo -->
