<?xml version="1.0" encoding="UTF-8"?>
<!-- Generated by org.testng.reporters.JUnitReportReporter -->
<testsuite hostname="WKWZTMHHzAYgmqT" failures="0" tests="5" name="Day5Test.demoTest" time="58.452" errors="0" timestamp="2022-11-24T11:45:55 IST" skipped="0">
  <testcase classname="Day5Test.demoTest" name="mytest1" time="11.612"/>
  <system-out/>
  <testcase classname="Day5Test.demoTest" name="mytest1" time="11.607"/>
  <system-out/>
  <testcase classname="Day5Test.demoTest" name="mytest1" time="11.670"/>
  <system-out/>
  <testcase classname="Day5Test.demoTest" name="mytest1" time="11.808"/>
  <system-out/>
  <testcase classname="Day5Test.demoTest" name="mytest1" time="11.755"/>
  <system-out/>
</testsuite> <!-- Day5Test.demoTest -->
