<?xml version="1.0" encoding="UTF-8"?>
<!-- Generated by org.testng.reporters.JUnitReportReporter -->
<testsuite hostname="WKWZTMHHzAYgmqT" failures="0" tests="1" name="Day2Test.HandleAutoSuggestions" time="6.521" errors="0" timestamp="2022-11-22T22:32:56 IST" skipped="0">
  <testcase classname="Day2Test.HandleAutoSuggestions" name="test" time="6.521"/>
  <system-out/>
</testsuite> <!-- Day2Test.HandleAutoSuggestions -->
