<?xml version="1.0" encoding="UTF-8"?>
<!-- Generated by org.testng.reporters.JUnitReportReporter -->
<testsuite hostname="WKWZTMHHzAYgmqT" failures="0" tests="4" name="Day3Test.LoginTest" time="20.790" errors="0" timestamp="2022-11-22T23:42:38 IST" skipped="0">
  <testcase classname="Day3Test.LoginTest" name="ForgotPassword" time="4.147"/>
  <system-out/>
  <testcase classname="Day3Test.LoginTest" name="Noentry" time="4.791"/>
  <system-out/>
  <testcase classname="Day3Test.LoginTest" name="InvalidPassword" time="4.802"/>
  <system-out/>
  <testcase classname="Day3Test.LoginTest" name="ValidCredentials" time="7.050"/>
  <system-out/>
</testsuite> <!-- Day3Test.LoginTest -->
