<?xml version="1.0" encoding="UTF-8"?>
<!-- Generated by org.testng.reporters.JUnitReportReporter -->
<testsuite hostname="WKWZTMHHzAYgmqT" failures="0" tests="5" name="Day5Test.SeleniumGridDemo" time="126.127" errors="0" timestamp="2022-11-24T11:57:42 IST" skipped="0">
  <testcase classname="Day5Test.SeleniumGridDemo" name="mytest1" time="17.456"/>
  <system-out/>
  <testcase classname="Day5Test.SeleniumGridDemo" name="mytest1" time="22.482"/>
  <system-out/>
  <testcase classname="Day5Test.SeleniumGridDemo" name="mytest1" time="31.613"/>
  <system-out/>
  <testcase classname="Day5Test.SeleniumGridDemo" name="mytest1" time="30.732"/>
  <system-out/>
  <testcase classname="Day5Test.SeleniumGridDemo" name="mytest1" time="23.844"/>
  <system-out/>
</testsuite> <!-- Day5Test.SeleniumGridDemo -->
