<?xml version="1.0" encoding="UTF-8"?>
<!-- Generated by org.testng.reporters.JUnitReportReporter -->
<testsuite hostname="WKWZTMHHzAYgmqT" failures="0" tests="1" name="Day1.MyFirstSeleniumScript3" time="2.877" errors="0" timestamp="2022-11-22T18:27:22 IST" skipped="0">
  <testcase classname="Day1.MyFirstSeleniumScript3" name="test" time="2.877"/>
  <system-out/>
</testsuite> <!-- Day1.MyFirstSeleniumScript3 -->
