<?xml version="1.0" encoding="UTF-8"?>
<!-- Generated by org.testng.reporters.JUnitReportReporter -->
<testsuite hostname="WKWZTMHHzAYgmqT" failures="0" tests="1" name="Day4Test.ReadingExcel" time="0.467" errors="0" timestamp="2022-11-23T12:23:35 IST" skipped="0">
  <testcase classname="Day4Test.ReadingExcel" name="testData" time="0.467"/>
  <system-out/>
</testsuite> <!-- Day4Test.ReadingExcel -->
