<?xml version="1.0" encoding="UTF-8"?>
<!-- Generated by org.testng.reporters.JUnitReportReporter -->
<testsuite hostname="WKWZTMHHzAYgmqT" failures="0" tests="4" name="Day3Test.MyFirstTestNGTest" time="0.002" errors="0" timestamp="2022-11-23T15:34:46 IST" skipped="0">
  <testcase classname="Day3Test.MyFirstTestNGTest" name="login" time="0.001"/>
  <system-out/>
  <testcase classname="Day3Test.MyFirstTestNGTest" name="createAccount" time="0.001"/>
  <system-out/>
  <testcase classname="Day3Test.MyFirstTestNGTest" name="deleteAccount" time="0.000"/>
  <system-out/>
  <testcase classname="Day3Test.MyFirstTestNGTest" name="logout" time="0.000"/>
  <system-out/>
</testsuite> <!-- Day3Test.MyFirstTestNGTest -->
