<?xml version="1.0" encoding="UTF-8"?>
<!-- Generated by org.testng.reporters.JUnitReportReporter -->
<testsuite hostname="WKWZTMHHzAYgmqT" failures="0" tests="4" name="Day3Test.LoginTest" time="22.763" errors="0" timestamp="2022-11-23T15:34:46 IST" skipped="0">
  <testcase classname="Day3Test.LoginTest" name="Noentry" time="3.852"/>
  <system-out/>
  <testcase classname="Day3Test.LoginTest" name="InvalidPassword" time="4.849"/>
  <system-out/>
  <testcase classname="Day3Test.LoginTest" name="ValidCredentials" time="7.135"/>
  <system-out/>
  <testcase classname="Day3Test.LoginTest" name="ForgotPassword" time="6.927"/>
  <system-out/>
</testsuite> <!-- Day3Test.LoginTest -->
